<?xml version="1.0" encoding="UTF-8" ?>
<testsuite errors="0" failures="0" hostname="rodrigo" name="racetrack.RaceControllerTests" tests="1" time="0.982" timestamp="2013-02-02T14:09:44">
  <properties />
  <testcase classname="racetrack.RaceControllerTests" name="testSomething" time="0.928" />
  <system-out><![CDATA[--Output from testSomething--
]]></system-out>
  <system-err><![CDATA[--Output from testSomething--
]]></system-err>
</testsuite>
